Time resolution is 1 fs
******** Write 2 Bytes Test: ********
Requisition Granted!
DUT: I2C MASTER | TIMESTAMP:            725000000 | MESSAGE: START INDICATION!
SLAVE ADDR: 10010110
Desired action: WRITE
DUT: I2C MASTER | TIMESTAMP:          21315000000 | MESSAGE: SLAVE_ADDR SENT!
DUT: I2C MASTER | TIMESTAMP:          23225000000 | MESSAGE: rx ack encountered
Sub Addr MSB: 2e
DUT: I2C MASTER | TIMESTAMP:          43815000000 | MESSAGE: SUB ADDR SENT
DUT: I2C MASTER | TIMESTAMP:          45725000000 | MESSAGE: rx ack encountered
Data Written, Byte 1: fe
DUT: I2C MASTER | TIMESTAMP:          66315000000 | MESSAGE: WRITE BYTE #       0 SENT!
DUT: I2C MASTER | TIMESTAMP:          68225000000 | MESSAGE: rx ack encountered
Data Written Byte 2: 07
DUT: I2C MASTER | TIMESTAMP:          88815000000 | MESSAGE: WRITE BYTE #       1 SENT!
DUT: I2C MASTER | TIMESTAMP:          90725000000 | MESSAGE: rx ack encountered
         93135000000, STOP INDICATION! Finished Write of 2 Bytes
Let go of bus
******** Read_2 Bytes Test: ********
Requisition Granted!
DUT: I2C MASTER | TIMESTAMP:          94475000000 | MESSAGE: START INDICATION!
SLAVE ADDR: 10010110
Desired action: WRITE
DUT: I2C MASTER | TIMESTAMP:         115065000000 | MESSAGE: SLAVE_ADDR SENT!
DUT: I2C MASTER | TIMESTAMP:         116975000000 | MESSAGE: rx ack encountered
Sub Addr MSB: 2e
DUT: I2C MASTER | TIMESTAMP:         137565000000 | MESSAGE: SUB ADDR SENT
DUT: I2C MASTER | TIMESTAMP:         139475000000 | MESSAGE: rx ack encountered
REPEAT START RECEIVED!
SLAVE ADDR: 10010111
Desired action:  READ
DUT: I2C MASTER | TIMESTAMP:         162565000000 | MESSAGE: SLAVE_ADDR SENT!
DUT: I2C MASTER | TIMESTAMP:         164475000000 | MESSAGE: rx ack encountered
DUT: I2C MASTER | TIMESTAMP:         184485000000 | MESSAGE: READ BYTE #       0 SENT!
RECEIVED:  ACK
DUT: I2C MASTER | TIMESTAMP:         206985000000 | MESSAGE: READ BYTE #       1 SENT!
RECEIVED: NACK
        211885000000, STOP INDICATION! Finished read of 2 bytes
Let go of bus
******** Write 3 Bytes Test, 16 bit sub addr: ********
Requisition Granted!
DUT: I2C MASTER | TIMESTAMP:         213225000000 | MESSAGE: START INDICATION!
SLAVE ADDR: 01110100
Desired action: WRITE
DUT: I2C MASTER | TIMESTAMP:         233815000000 | MESSAGE: SLAVE_ADDR SENT!
DUT: I2C MASTER | TIMESTAMP:         235725000000 | MESSAGE: rx ack encountered
Sub Addr MSB: be
DUT: I2C MASTER | TIMESTAMP:         256315000000 | MESSAGE: MSB OF SUB ADDR SENT
DUT: I2C MASTER | TIMESTAMP:         258225000000 | MESSAGE: rx ack encountered
Sub Addr LSB: ef
DUT: I2C MASTER | TIMESTAMP:         278815000000 | MESSAGE: SUB ADDR SENT
DUT: I2C MASTER | TIMESTAMP:         280725000000 | MESSAGE: rx ack encountered
Data Written, Byte 1: de
DUT: I2C MASTER | TIMESTAMP:         301315000000 | MESSAGE: WRITE BYTE #       0 SENT!
DUT: I2C MASTER | TIMESTAMP:         303225000000 | MESSAGE: rx ack encountered
Data Written Byte 2: ad
DUT: I2C MASTER | TIMESTAMP:         323815000000 | MESSAGE: WRITE BYTE #       1 SENT!
DUT: I2C MASTER | TIMESTAMP:         325725000000 | MESSAGE: rx ack encountered
Data Written Byte 3: be
DUT: I2C MASTER | TIMESTAMP:         346315000000 | MESSAGE: WRITE BYTE #       2 SENT!
DUT: I2C MASTER | TIMESTAMP:         348225000000 | MESSAGE: rx ack encountered
Data Written Byte 4: ef
DUT: I2C MASTER | TIMESTAMP:         368815000000 | MESSAGE: WRITE BYTE #       3 SENT!
DUT: I2C MASTER | TIMESTAMP:         370725000000 | MESSAGE: rx ack encountered
        373135000000, STOP INDICATION! Finished Write of 2 Bytes
Let go of bus
******** Test Finished ********
