Vivado Simulator v2023.2
Copyright 1986-2022 Xilinx, Inc. All Rights Reserved.
Copyright 2022-2023 Advanced Micro Devices, Inc. All Rights Reserved.
Running: /tools/Xilinx/Vivado/2023.2/bin/unwrapped/lnx64.o/xelab --incr --debug typical --relax --mt 8 -L xil_defaultlib -L unisims_ver -L unimacro_ver -L secureip --snapshot i2c_tb_behav xil_defaultlib.i2c_tb xil_defaultlib.glbl -log elaborate.log 
Using 8 slave threads.
Starting static elaboration
Pass Through NonSizing Optimizer
Completed static elaboration
Starting simulation data flow analysis
WARNING: [XSIM 43-4099] "/home/gmdick/Desktop/BOLSAIC_eldorado/Codigos/i2c-1/i2c_master.v" Line 9. Module i2c_master_default doesn't have a timescale but at least one module in design has a timescale.
WARNING: [XSIM 43-4099] "/home/gmdick/Desktop/BOLSAIC_eldorado/Codigos/i2c-1/i2c_slave.v" Line 9. Module i2c_slave_default doesn't have a timescale but at least one module in design has a timescale.
WARNING: [XSIM 43-4099] "/home/gmdick/Desktop/BOLSAIC_eldorado/Codigos/i2c-1/i2c_master.v" Line 9. Module i2c_master_default doesn't have a timescale but at least one module in design has a timescale.
WARNING: [XSIM 43-4099] "/home/gmdick/Desktop/BOLSAIC_eldorado/Codigos/i2c-1/i2c_slave.v" Line 9. Module i2c_slave_default doesn't have a timescale but at least one module in design has a timescale.
Completed simulation data flow analysis
Time Resolution for simulation is 1ps
Compiling module xil_defaultlib.i2c_master_default
Compiling module xil_defaultlib.i2c_slave_default
Compiling module xil_defaultlib.i2c_tb
Compiling module xil_defaultlib.glbl
Built simulation snapshot i2c_tb_behav
