
*** Running vivado
    with args -log TopFunc.vds -m64 -product Vivado -mode batch -messageDb vivado.pb -notrace -source TopFunc.tcl


ECHO est† desativado.
ECHO est† desativado.

****** Vivado v2023.2 (64-bit)
  **** SW Build 4029153 on Fri Oct 13 20:14:34 MDT 2023
  **** IP Build 4028589 on Sat Oct 14 00:45:43 MDT 2023
  **** SharedData Build 4025554 on Tue Oct 10 17:18:54 MDT 2023
    ** Copyright 1986-2022 Xilinx, Inc. All Rights Reserved.
    ** Copyright 2022-2023 Advanced Micro Devices, Inc. All Rights Reserved.

source TopFunc.tcl -notrace
create_project: Time (s): cpu = 00:00:03 ; elapsed = 00:00:10 . Memory (MB): peak = 520.484 ; gain = 220.379
Command: read_checkpoint -auto_incremental -incremental D:/BOLSAIC_eldorado/Codigos/DisplayMaster_RTClkSlave/DisplayMaster_RTClkSlave.srcs/utils_1/imports/synth_1/TopFunc.dcp
INFO: [Vivado 12-5825] Read reference checkpoint from D:/BOLSAIC_eldorado/Codigos/DisplayMaster_RTClkSlave/DisplayMaster_RTClkSlave.srcs/utils_1/imports/synth_1/TopFunc.dcp for incremental synthesis
INFO: [Vivado 12-7989] Please ensure there are no constraint changes
Command: synth_design -top TopFunc -part xc7a100tcsg324-1
Starting synth_design
Attempting to get a license for feature 'Synthesis' and/or device 'xc7a100t'
INFO: [Common 17-349] Got license for feature 'Synthesis' and/or device 'xc7a100t'
INFO: [Device 21-403] Loading part xc7a100tcsg324-1
INFO: [Designutils 20-5440] No compile time benefit to using incremental synthesis; A full resynthesis will be run
INFO: [Designutils 20-4379] Flow is switching to default flow due to incremental criteria not met. If you would like to alter this behaviour and have the flow terminate instead, please set the following parameter config_implementation {autoIncr.Synth.RejectBehavior Terminate}
INFO: [Synth 8-7079] Multithreading enabled for synth_design using a maximum of 2 processes.
INFO: [Synth 8-7078] Launching helper process for spawning children vivado processes
INFO: [Synth 8-7075] Helper process launched with PID 30104
---------------------------------------------------------------------------------
Starting RTL Elaboration : Time (s): cpu = 00:00:03 ; elapsed = 00:00:05 . Memory (MB): peak = 1371.660 ; gain = 441.191
---------------------------------------------------------------------------------
INFO: [Synth 8-638] synthesizing module 'TopFunc' [D:/BOLSAIC_eldorado/Codigos/DisplayMaster_RTClkSlave/DisplayMaster_RTClkSlave.srcs/sources_1/imports/new/TopFunc.vhd:57]
INFO: [Synth 8-3491] module 'Display_master' declared at 'D:/BOLSAIC_eldorado/Codigos/DisplayMaster_RTClkSlave/DisplayMaster_RTClkSlave.srcs/sources_1/imports/new/Display_master.vhd:32' bound to instance 'Display_master_1' of component 'Display_master' [D:/BOLSAIC_eldorado/Codigos/DisplayMaster_RTClkSlave/DisplayMaster_RTClkSlave.srcs/sources_1/imports/new/TopFunc.vhd:91]
INFO: [Synth 8-638] synthesizing module 'Display_master' [D:/BOLSAIC_eldorado/Codigos/DisplayMaster_RTClkSlave/DisplayMaster_RTClkSlave.srcs/sources_1/imports/new/Display_master.vhd:51]
	Parameter DEVICE bound to: 8'b01101000 
INFO: [Synth 8-3491] module 'I2CMASTER' declared at 'D:/BOLSAIC_eldorado/Codigos/DisplayMaster_RTClkSlave/DisplayMaster_RTClkSlave.srcs/sources_1/imports/new/i2cmaster.vhd:42' bound to instance 'I_I2CMASTER_0' of component 'I2CMASTER' [D:/BOLSAIC_eldorado/Codigos/DisplayMaster_RTClkSlave/DisplayMaster_RTClkSlave.srcs/sources_1/imports/new/Display_master.vhd:114]
INFO: [Synth 8-638] synthesizing module 'I2CMASTER' [D:/BOLSAIC_eldorado/Codigos/DisplayMaster_RTClkSlave/DisplayMaster_RTClkSlave.srcs/sources_1/imports/new/i2cmaster.vhd:67]
	Parameter DEVICE bound to: 8'b01101000 
INFO: [Synth 8-256] done synthesizing module 'I2CMASTER' (0#1) [D:/BOLSAIC_eldorado/Codigos/DisplayMaster_RTClkSlave/DisplayMaster_RTClkSlave.srcs/sources_1/imports/new/i2cmaster.vhd:67]
INFO: [Synth 8-3491] module 'hex_controller' declared at 'D:/BOLSAIC_eldorado/Codigos/DisplayMaster_RTClkSlave/DisplayMaster_RTClkSlave.srcs/sources_1/imports/new/hex_controller.vhd:6' bound to instance 'Display1' of component 'hex_controller' [D:/BOLSAIC_eldorado/Codigos/DisplayMaster_RTClkSlave/DisplayMaster_RTClkSlave.srcs/sources_1/imports/new/Display_master.vhd:138]
INFO: [Synth 8-638] synthesizing module 'hex_controller' [D:/BOLSAIC_eldorado/Codigos/DisplayMaster_RTClkSlave/DisplayMaster_RTClkSlave.srcs/sources_1/imports/new/hex_controller.vhd:13]
INFO: [Synth 8-226] default block is never used [D:/BOLSAIC_eldorado/Codigos/DisplayMaster_RTClkSlave/DisplayMaster_RTClkSlave.srcs/sources_1/imports/new/hex_controller.vhd:19]
INFO: [Synth 8-256] done synthesizing module 'hex_controller' (0#1) [D:/BOLSAIC_eldorado/Codigos/DisplayMaster_RTClkSlave/DisplayMaster_RTClkSlave.srcs/sources_1/imports/new/hex_controller.vhd:13]
INFO: [Synth 8-226] default block is never used [D:/BOLSAIC_eldorado/Codigos/DisplayMaster_RTClkSlave/DisplayMaster_RTClkSlave.srcs/sources_1/imports/new/Display_master.vhd:197]
INFO: [Synth 8-256] done synthesizing module 'Display_master' (0#1) [D:/BOLSAIC_eldorado/Codigos/DisplayMaster_RTClkSlave/DisplayMaster_RTClkSlave.srcs/sources_1/imports/new/Display_master.vhd:51]
INFO: [Synth 8-3491] module 'Counter_slave' declared at 'D:/BOLSAIC_eldorado/Codigos/DisplayMaster_RTClkSlave/DisplayMaster_RTClkSlave.srcs/sources_1/imports/new/Counter_slave.vhd:34' bound to instance 'Counter_slave_1' of component 'Counter_slave' [D:/BOLSAIC_eldorado/Codigos/DisplayMaster_RTClkSlave/DisplayMaster_RTClkSlave.srcs/sources_1/imports/new/TopFunc.vhd:107]
INFO: [Synth 8-638] synthesizing module 'Counter_slave' [D:/BOLSAIC_eldorado/Codigos/DisplayMaster_RTClkSlave/DisplayMaster_RTClkSlave.srcs/sources_1/imports/new/Counter_slave.vhd:42]
WARNING: [Synth 8-5640] Port 'read_done' is missing in component declaration [D:/BOLSAIC_eldorado/Codigos/DisplayMaster_RTClkSlave/DisplayMaster_RTClkSlave.srcs/sources_1/imports/new/Counter_slave.vhd:44]
	Parameter DEVICE bound to: 8'b01101000 
INFO: [Synth 8-3491] module 'I2CSLAVE' declared at 'D:/BOLSAIC_eldorado/Codigos/DisplayMaster_RTClkSlave/DisplayMaster_RTClkSlave.srcs/sources_1/imports/new/i2cslave.vhd:13' bound to instance 'I_I2CITF' of component 'I2CSLAVE' [D:/BOLSAIC_eldorado/Codigos/DisplayMaster_RTClkSlave/DisplayMaster_RTClkSlave.srcs/sources_1/imports/new/Counter_slave.vhd:96]
INFO: [Synth 8-638] synthesizing module 'I2CSLAVE' [D:/BOLSAIC_eldorado/Codigos/DisplayMaster_RTClkSlave/DisplayMaster_RTClkSlave.srcs/sources_1/imports/new/i2cslave.vhd:33]
	Parameter DEVICE bound to: 8'b01101000 
INFO: [Synth 8-256] done synthesizing module 'I2CSLAVE' (0#1) [D:/BOLSAIC_eldorado/Codigos/DisplayMaster_RTClkSlave/DisplayMaster_RTClkSlave.srcs/sources_1/imports/new/i2cslave.vhd:33]
INFO: [Synth 8-3491] module 'RealTimeClock' declared at 'D:/BOLSAIC_eldorado/Codigos/DisplayMaster_RTClkSlave/DisplayMaster_RTClkSlave.srcs/sources_1/new/RealTimeClock.vhd:36' bound to instance 'RTClk' of component 'RealTimeClock' [D:/BOLSAIC_eldorado/Codigos/DisplayMaster_RTClkSlave/DisplayMaster_RTClkSlave.srcs/sources_1/imports/new/Counter_slave.vhd:112]
INFO: [Synth 8-638] synthesizing module 'RealTimeClock' [D:/BOLSAIC_eldorado/Codigos/DisplayMaster_RTClkSlave/DisplayMaster_RTClkSlave.srcs/sources_1/new/RealTimeClock.vhd:46]
INFO: [Synth 8-256] done synthesizing module 'RealTimeClock' (0#1) [D:/BOLSAIC_eldorado/Codigos/DisplayMaster_RTClkSlave/DisplayMaster_RTClkSlave.srcs/sources_1/new/RealTimeClock.vhd:46]
INFO: [Synth 8-256] done synthesizing module 'Counter_slave' (0#1) [D:/BOLSAIC_eldorado/Codigos/DisplayMaster_RTClkSlave/DisplayMaster_RTClkSlave.srcs/sources_1/imports/new/Counter_slave.vhd:42]
INFO: [Synth 8-256] done synthesizing module 'TopFunc' (0#1) [D:/BOLSAIC_eldorado/Codigos/DisplayMaster_RTClkSlave/DisplayMaster_RTClkSlave.srcs/sources_1/imports/new/TopFunc.vhd:57]
WARNING: [Synth 8-3848] Net SRST in module/entity Display_master does not have driver. [D:/BOLSAIC_eldorado/Codigos/DisplayMaster_RTClkSlave/DisplayMaster_RTClkSlave.srcs/sources_1/imports/new/Display_master.vhd:89]
WARNING: [Synth 8-7129] Port SCL_IN in module I2CMASTER is either unconnected or has no load
---------------------------------------------------------------------------------
Finished RTL Elaboration : Time (s): cpu = 00:00:04 ; elapsed = 00:00:07 . Memory (MB): peak = 1498.344 ; gain = 567.875
---------------------------------------------------------------------------------
---------------------------------------------------------------------------------
Start Handling Custom Attributes
---------------------------------------------------------------------------------
---------------------------------------------------------------------------------
Finished Handling Custom Attributes : Time (s): cpu = 00:00:04 ; elapsed = 00:00:07 . Memory (MB): peak = 1498.344 ; gain = 567.875
---------------------------------------------------------------------------------
---------------------------------------------------------------------------------
Finished RTL Optimization Phase 1 : Time (s): cpu = 00:00:04 ; elapsed = 00:00:07 . Memory (MB): peak = 1498.344 ; gain = 567.875
---------------------------------------------------------------------------------
Netlist sorting complete. Time (s): cpu = 00:00:00 ; elapsed = 00:00:00.010 . Memory (MB): peak = 1498.344 ; gain = 0.000
INFO: [Project 1-570] Preparing netlist for logic optimization

Processing XDC Constraints
Initializing timing engine
Parsing XDC File [D:/BOLSAIC_eldorado/Codigos/DisplayMaster_RTClkSlave/DisplayMaster_RTClkSlave.srcs/constrs_1/new/Nexys-4-Master.xdc]
Finished Parsing XDC File [D:/BOLSAIC_eldorado/Codigos/DisplayMaster_RTClkSlave/DisplayMaster_RTClkSlave.srcs/constrs_1/new/Nexys-4-Master.xdc]
INFO: [Project 1-236] Implementation specific constraints were found while reading constraint file [D:/BOLSAIC_eldorado/Codigos/DisplayMaster_RTClkSlave/DisplayMaster_RTClkSlave.srcs/constrs_1/new/Nexys-4-Master.xdc]. These constraints will be ignored for synthesis but will be used in implementation. Impacted constraints are listed in the file [.Xil/TopFunc_propImpl.xdc].
Resolution: To avoid this warning, move constraints listed in [.Xil/TopFunc_propImpl.xdc] to another XDC file and exclude this new file from synthesis with the used_in_synthesis property (File Properties dialog in GUI) and re-run elaboration/synthesis.
Completed Processing XDC Constraints

Netlist sorting complete. Time (s): cpu = 00:00:00 ; elapsed = 00:00:00.001 . Memory (MB): peak = 1602.031 ; gain = 0.000
INFO: [Project 1-111] Unisim Transformation Summary:
No Unisim elements were transformed.

O sistema n∆o pode encontrar o caminho especificado.
Constraint Validation Runtime : Time (s): cpu = 00:00:00 ; elapsed = 00:00:00.006 . Memory (MB): peak = 1602.031 ; gain = 0.000
INFO: [Designutils 20-5440] No compile time benefit to using incremental synthesis; A full resynthesis will be run
INFO: [Designutils 20-4379] Flow is switching to default flow due to incremental criteria not met. If you would like to alter this behaviour and have the flow terminate instead, please set the following parameter config_implementation {autoIncr.Synth.RejectBehavior Terminate}
---------------------------------------------------------------------------------
Finished Constraint Validation : Time (s): cpu = 00:00:08 ; elapsed = 00:00:13 . Memory (MB): peak = 1602.031 ; gain = 671.562
---------------------------------------------------------------------------------
---------------------------------------------------------------------------------
Start Loading Part and Timing Information
---------------------------------------------------------------------------------
Loading part: xc7a100tcsg324-1
---------------------------------------------------------------------------------
Finished Loading Part and Timing Information : Time (s): cpu = 00:00:08 ; elapsed = 00:00:13 . Memory (MB): peak = 1602.031 ; gain = 671.562
---------------------------------------------------------------------------------
---------------------------------------------------------------------------------
Start Applying 'set_property' XDC Constraints
---------------------------------------------------------------------------------
---------------------------------------------------------------------------------
Finished applying 'set_property' XDC Constraints : Time (s): cpu = 00:00:08 ; elapsed = 00:00:13 . Memory (MB): peak = 1602.031 ; gain = 671.562
---------------------------------------------------------------------------------
---------------------------------------------------------------------------------
Finished RTL Optimization Phase 2 : Time (s): cpu = 00:00:08 ; elapsed = 00:00:14 . Memory (MB): peak = 1602.031 ; gain = 671.562
---------------------------------------------------------------------------------
---------------------------------------------------------------------------------
Start RTL Component Statistics 
---------------------------------------------------------------------------------
Detailed RTL Component Info : 
+---Adders : 
	   2 Input   32 Bit       Adders := 1     
	   2 Input    8 Bit       Adders := 2     
	   2 Input    6 Bit       Adders := 2     
	   2 Input    4 Bit       Adders := 1     
	   2 Input    3 Bit       Adders := 1     
+---Registers : 
	                8 Bit    Registers := 7     
	                6 Bit    Registers := 2     
	                5 Bit    Registers := 2     
	                4 Bit    Registers := 3     
	                3 Bit    Registers := 2     
	                1 Bit    Registers := 27    
+---Muxes : 
	   2 Input    8 Bit        Muxes := 8     
	  14 Input    8 Bit        Muxes := 1     
	   5 Input    8 Bit        Muxes := 1     
	   4 Input    8 Bit        Muxes := 1     
	   3 Input    8 Bit        Muxes := 1     
	   2 Input    6 Bit        Muxes := 2     
	   2 Input    5 Bit        Muxes := 6     
	   4 Input    5 Bit        Muxes := 1     
	   2 Input    4 Bit        Muxes := 7     
	   6 Input    4 Bit        Muxes := 1     
	   4 Input    4 Bit        Muxes := 4     
	   2 Input    3 Bit        Muxes := 9     
	   7 Input    3 Bit        Muxes := 1     
	  18 Input    3 Bit        Muxes := 1     
	  13 Input    3 Bit        Muxes := 1     
	   3 Input    3 Bit        Muxes := 1     
	   2 Input    2 Bit        Muxes := 5     
	  12 Input    2 Bit        Muxes := 1     
	   6 Input    2 Bit        Muxes := 1     
	  12 Input    1 Bit        Muxes := 7     
	   2 Input    1 Bit        Muxes := 58    
	  20 Input    1 Bit        Muxes := 1     
	  16 Input    1 Bit        Muxes := 2     
	   8 Input    1 Bit        Muxes := 5     
	  11 Input    1 Bit        Muxes := 3     
	   7 Input    1 Bit        Muxes := 2     
	  13 Input    1 Bit        Muxes := 4     
	   4 Input    1 Bit        Muxes := 3     
	  19 Input    1 Bit        Muxes := 1     
	   3 Input    1 Bit        Muxes := 4     
	  18 Input    1 Bit        Muxes := 1     
	   6 Input    1 Bit        Muxes := 2     
	  10 Input    1 Bit        Muxes := 2     
	   5 Input    1 Bit        Muxes := 1     
---------------------------------------------------------------------------------
Finished RTL Component Statistics 
---------------------------------------------------------------------------------
---------------------------------------------------------------------------------
Start Part Resource Summary
---------------------------------------------------------------------------------
Part Resources:
DSPs: 240 (col length:80)
BRAMs: 270 (col length: RAMB18 80 RAMB36 40)
---------------------------------------------------------------------------------
Finished Part Resource Summary
---------------------------------------------------------------------------------
---------------------------------------------------------------------------------
Start Cross Boundary and Area Optimization
---------------------------------------------------------------------------------
WARNING: [Synth 8-7080] Parallel synthesis criteria is not met
WARNING: [Synth 8-3917] design TopFunc has port Dout_teste_slave[7] driven by constant 0
WARNING: [Synth 8-3917] design TopFunc has port Dout_teste_slave[6] driven by constant 0
---------------------------------------------------------------------------------
Finished Cross Boundary and Area Optimization : Time (s): cpu = 00:00:10 ; elapsed = 00:00:16 . Memory (MB): peak = 1602.031 ; gain = 671.562
---------------------------------------------------------------------------------
---------------------------------------------------------------------------------
Start Applying XDC Timing Constraints
---------------------------------------------------------------------------------
---------------------------------------------------------------------------------
Finished Applying XDC Timing Constraints : Time (s): cpu = 00:00:13 ; elapsed = 00:00:21 . Memory (MB): peak = 1602.031 ; gain = 671.562
---------------------------------------------------------------------------------
---------------------------------------------------------------------------------
Start Timing Optimization
---------------------------------------------------------------------------------
---------------------------------------------------------------------------------
Finished Timing Optimization : Time (s): cpu = 00:00:13 ; elapsed = 00:00:21 . Memory (MB): peak = 1602.031 ; gain = 671.562
---------------------------------------------------------------------------------
---------------------------------------------------------------------------------
Start Technology Mapping
---------------------------------------------------------------------------------
---------------------------------------------------------------------------------
Finished Technology Mapping : Time (s): cpu = 00:00:13 ; elapsed = 00:00:21 . Memory (MB): peak = 1602.031 ; gain = 671.562
---------------------------------------------------------------------------------
---------------------------------------------------------------------------------
Start IO Insertion
---------------------------------------------------------------------------------
---------------------------------------------------------------------------------
Start Flattening Before IO Insertion
---------------------------------------------------------------------------------
---------------------------------------------------------------------------------
Finished Flattening Before IO Insertion
---------------------------------------------------------------------------------
---------------------------------------------------------------------------------
Start Final Netlist Cleanup
---------------------------------------------------------------------------------
---------------------------------------------------------------------------------
Finished Final Netlist Cleanup
---------------------------------------------------------------------------------
---------------------------------------------------------------------------------
Finished IO Insertion : Time (s): cpu = 00:00:15 ; elapsed = 00:00:24 . Memory (MB): peak = 1602.031 ; gain = 671.562
---------------------------------------------------------------------------------
---------------------------------------------------------------------------------
Start Renaming Generated Instances
---------------------------------------------------------------------------------
---------------------------------------------------------------------------------
Finished Renaming Generated Instances : Time (s): cpu = 00:00:15 ; elapsed = 00:00:24 . Memory (MB): peak = 1602.031 ; gain = 671.562
---------------------------------------------------------------------------------
---------------------------------------------------------------------------------
Start Rebuilding User Hierarchy
---------------------------------------------------------------------------------
---------------------------------------------------------------------------------
Finished Rebuilding User Hierarchy : Time (s): cpu = 00:00:15 ; elapsed = 00:00:24 . Memory (MB): peak = 1602.031 ; gain = 671.562
---------------------------------------------------------------------------------
---------------------------------------------------------------------------------
Start Renaming Generated Ports
---------------------------------------------------------------------------------
---------------------------------------------------------------------------------
Finished Renaming Generated Ports : Time (s): cpu = 00:00:15 ; elapsed = 00:00:24 . Memory (MB): peak = 1602.031 ; gain = 671.562
---------------------------------------------------------------------------------
---------------------------------------------------------------------------------
Start Handling Custom Attributes
---------------------------------------------------------------------------------
---------------------------------------------------------------------------------
Finished Handling Custom Attributes : Time (s): cpu = 00:00:15 ; elapsed = 00:00:24 . Memory (MB): peak = 1602.031 ; gain = 671.562
---------------------------------------------------------------------------------
---------------------------------------------------------------------------------
Start Renaming Generated Nets
---------------------------------------------------------------------------------
---------------------------------------------------------------------------------
Finished Renaming Generated Nets : Time (s): cpu = 00:00:15 ; elapsed = 00:00:24 . Memory (MB): peak = 1602.031 ; gain = 671.562
---------------------------------------------------------------------------------
---------------------------------------------------------------------------------
Start Writing Synthesis Report
---------------------------------------------------------------------------------

Report BlackBoxes: 
+-+--------------+----------+
| |BlackBox name |Instances |
+-+--------------+----------+
+-+--------------+----------+

Report Cell Usage: 
+------+-------+------+
|      |Cell   |Count |
+------+-------+------+
|1     |BUFG   |     2|
|2     |CARRY4 |    21|
|3     |LUT1   |     2|
|4     |LUT2   |    21|
|5     |LUT3   |    22|
|6     |LUT4   |    15|
|7     |LUT5   |    57|
|8     |LUT6   |    74|
|9     |FDCE   |   108|
|10    |FDPE   |     8|
|11    |FDRE   |     6|
|12    |IBUF   |    13|
|13    |OBUF   |    33|
+------+-------+------+
---------------------------------------------------------------------------------
Finished Writing Synthesis Report : Time (s): cpu = 00:00:15 ; elapsed = 00:00:24 . Memory (MB): peak = 1602.031 ; gain = 671.562
---------------------------------------------------------------------------------
Synthesis finished with 0 errors, 0 critical warnings and 3 warnings.
Synthesis Optimization Runtime : Time (s): cpu = 00:00:10 ; elapsed = 00:00:23 . Memory (MB): peak = 1602.031 ; gain = 567.875
Synthesis Optimization Complete : Time (s): cpu = 00:00:15 ; elapsed = 00:00:25 . Memory (MB): peak = 1602.031 ; gain = 671.562
INFO: [Project 1-571] Translating synthesized netlist
Netlist sorting complete. Time (s): cpu = 00:00:00 ; elapsed = 00:00:00.003 . Memory (MB): peak = 1602.031 ; gain = 0.000
INFO: [Netlist 29-17] Analyzing 21 Unisim elements for replacement
INFO: [Netlist 29-28] Unisim Transformation completed in 0 CPU seconds
INFO: [Project 1-570] Preparing netlist for logic optimization
INFO: [Opt 31-138] Pushed 0 inverter(s) to 0 load pin(s).
Netlist sorting complete. Time (s): cpu = 00:00:00 ; elapsed = 00:00:00 . Memory (MB): peak = 1602.031 ; gain = 0.000
INFO: [Project 1-111] Unisim Transformation Summary:
No Unisim elements were transformed.

O sistema n∆o pode encontrar o caminho especificado.
Synth Design complete | Checksum: 6be5fc77
INFO: [Common 17-83] Releasing license: Synthesis
43 Infos, 6 Warnings, 0 Critical Warnings and 0 Errors encountered.
synth_design completed successfully
synth_design: Time (s): cpu = 00:00:17 ; elapsed = 00:00:34 . Memory (MB): peak = 1602.031 ; gain = 1076.586
Write ShapeDB Complete: Time (s): cpu = 00:00:00 ; elapsed = 00:00:00.001 . Memory (MB): peak = 1602.031 ; gain = 0.000
INFO: [Common 17-1381] The checkpoint 'D:/BOLSAIC_eldorado/Codigos/DisplayMaster_RTClkSlave/DisplayMaster_RTClkSlave.runs/synth_1/TopFunc.dcp' has been generated.
INFO: [runtcl-4] Executing : report_utilization -file TopFunc_utilization_synth.rpt -pb TopFunc_utilization_synth.pb
INFO: [Common 17-206] Exiting Vivado at Sun Nov 26 13:12:01 2023...
